Copyright 1986-2020 Xilinx, Inc. All Rights Reserved.
------------------------------------------------------------------------------------
| Tool Version : Vivado v.2020.1 (win64) Build 2902540 Wed May 27 19:54:49 MDT 2020
| Date         : Sat Apr 11 04:26:32 2026
| Host         : Hira running 64-bit major release  (build 9200)
| Command      : report_control_sets -verbose -file top_control_sets_placed.rpt
| Design       : top
| Device       : xc7a35ti
------------------------------------------------------------------------------------

Control Set Information

Table of Contents
-----------------
1. Summary
2. Histogram
3. Flip-Flop Distribution
4. Detailed Control Set Information

1. Summary
----------

+----------------------------------------------------------+-------+
|                          Status                          | Count |
+----------------------------------------------------------+-------+
| Total control sets                                       |    35 |
|    Minimum number of control sets                        |    35 |
|    Addition due to synthesis replication                 |     0 |
|    Addition due to physical synthesis replication        |     0 |
| Unused register locations in slices containing registers |    10 |
+----------------------------------------------------------+-------+
* Control sets can be merged at opt_design using control_set_merge or merge_equivalent_drivers
** Run report_qor_suggestions for automated merging and remapping suggestions


2. Histogram
------------

+--------------------+-------+
|       Fanout       | Count |
+--------------------+-------+
| Total control sets |    35 |
| >= 0 to < 4        |     0 |
| >= 4 to < 6        |     1 |
| >= 6 to < 8        |     0 |
| >= 8 to < 10       |     0 |
| >= 10 to < 12      |     1 |
| >= 12 to < 14      |     0 |
| >= 14 to < 16      |     0 |
| >= 16              |    33 |
+--------------------+-------+
* Control sets can be remapped at either synth_design or opt_design


3. Flip-Flop Distribution
-------------------------

+--------------+-----------------------+------------------------+-----------------+--------------+
| Clock Enable | Synchronous Set/Reset | Asynchronous Set/Reset | Total Registers | Total Slices |
+--------------+-----------------------+------------------------+-----------------+--------------+
| No           | No                    | No                     |               4 |            1 |
| No           | No                    | Yes                    |               0 |            0 |
| No           | Yes                   | No                     |              32 |            8 |
| Yes          | No                    | No                     |               0 |            0 |
| Yes          | No                    | Yes                    |             992 |          462 |
| Yes          | Yes                   | No                     |              10 |            4 |
+--------------+-----------------------+------------------------+-----------------+--------------+


4. Detailed Control Set Information
-----------------------------------

+-----------------+------------------------------------------+------------------+------------------+----------------+--------------+
|   Clock Signal  |               Enable Signal              | Set/Reset Signal | Slice Load Count | Bel Load Count | Bels / Slice |
+-----------------+------------------------------------------+------------------+------------------+----------------+--------------+
|  clk_IBUF_BUFG  |                                          |                  |                1 |              4 |         4.00 |
|  clk_10mhz_BUFG | u_cpu/u_PC/memory_reg_0_255_0_0_i_3_0[0] | btnC_IBUF        |                4 |             10 |         2.50 |
|  clk_10mhz_BUFG |                                          | btnC_IBUF        |                8 |             32 |         4.00 |
|  clk_10mhz_BUFG | u_cpu/u_PC/PC_reg[0]_10[0]               | btnC_IBUF        |               12 |             32 |         2.67 |
|  clk_10mhz_BUFG | u_cpu/u_PC/E[0]                          | btnC_IBUF        |               24 |             32 |         1.33 |
|  clk_10mhz_BUFG | u_cpu/u_PC/PC_reg[0]_11[0]               | btnC_IBUF        |               13 |             32 |         2.46 |
|  clk_10mhz_BUFG | u_cpu/u_PC/PC_reg[0]_12[0]               | btnC_IBUF        |               15 |             32 |         2.13 |
|  clk_10mhz_BUFG | u_cpu/u_PC/PC_reg[0]_13[0]               | btnC_IBUF        |               14 |             32 |         2.29 |
|  clk_10mhz_BUFG | u_cpu/u_PC/PC_reg[0]_3[0]                | btnC_IBUF        |               16 |             32 |         2.00 |
|  clk_10mhz_BUFG | u_cpu/u_PC/PC_reg[0]_4[0]                | btnC_IBUF        |               17 |             32 |         1.88 |
|  clk_10mhz_BUFG | u_cpu/u_PC/PC_reg[0]_1[0]                | btnC_IBUF        |               14 |             32 |         2.29 |
|  clk_10mhz_BUFG | u_cpu/u_PC/PC_reg[0]_2[0]                | btnC_IBUF        |               17 |             32 |         1.88 |
|  clk_10mhz_BUFG | u_cpu/u_PC/PC_reg[0]_5[0]                | btnC_IBUF        |               18 |             32 |         1.78 |
|  clk_10mhz_BUFG | u_cpu/u_PC/PC_reg[0]_6[0]                | btnC_IBUF        |               15 |             32 |         2.13 |
|  clk_10mhz_BUFG | u_cpu/u_PC/PC_reg[0]_14[0]               | btnC_IBUF        |               13 |             32 |         2.46 |
|  clk_10mhz_BUFG | u_cpu/u_PC/PC_reg[0]_7[0]                | btnC_IBUF        |               13 |             32 |         2.46 |
|  clk_10mhz_BUFG | u_cpu/u_PC/PC_reg[0]_8[0]                | btnC_IBUF        |               11 |             32 |         2.91 |
|  clk_10mhz_BUFG | u_cpu/u_PC/PC_reg[0]_9[0]                | btnC_IBUF        |               13 |             32 |         2.46 |
|  clk_10mhz_BUFG | u_cpu/u_PC/PC_reg[8]_5[0]                | btnC_IBUF        |               20 |             32 |         1.60 |
|  clk_10mhz_BUFG | u_cpu/u_PC/PC_reg[8]_7[0]                | btnC_IBUF        |               20 |             32 |         1.60 |
|  clk_10mhz_BUFG | u_cpu/u_PC/PC_reg[8]_8[0]                | btnC_IBUF        |               13 |             32 |         2.46 |
|  clk_10mhz_BUFG | u_cpu/u_PC/PC_reg[8]_9[0]                | btnC_IBUF        |               13 |             32 |         2.46 |
|  clk_10mhz_BUFG | u_cpu/u_PC/PC_reg[7]_4[0]                | btnC_IBUF        |               14 |             32 |         2.29 |
|  clk_10mhz_BUFG | u_cpu/u_PC/PC_reg[8]_4[0]                | btnC_IBUF        |               12 |             32 |         2.67 |
|  clk_10mhz_BUFG | u_cpu/u_PC/PC_reg[8]_6[0]                | btnC_IBUF        |               10 |             32 |         3.20 |
|  clk_10mhz_BUFG | u_cpu/u_PC/PC_reg[7]_0[0]                | btnC_IBUF        |               22 |             32 |         1.45 |
|  clk_10mhz_BUFG | u_cpu/u_PC/PC_reg[7]_3[0]                | btnC_IBUF        |               15 |             32 |         2.13 |
|  clk_10mhz_BUFG | u_cpu/u_PC/PC_reg[8]_0[0]                | btnC_IBUF        |               13 |             32 |         2.46 |
|  clk_10mhz_BUFG | u_cpu/u_PC/PC_reg[7]_1[0]                | btnC_IBUF        |               14 |             32 |         2.29 |
|  clk_10mhz_BUFG | u_cpu/u_PC/PC_reg[7]_5[0]                | btnC_IBUF        |               21 |             32 |         1.52 |
|  clk_10mhz_BUFG | u_cpu/u_PC/PC_reg[8]_1[0]                | btnC_IBUF        |               15 |             32 |         2.13 |
|  clk_10mhz_BUFG | u_cpu/u_PC/PC_reg[8]_2[0]                | btnC_IBUF        |               12 |             32 |         2.67 |
|  clk_10mhz_BUFG | u_cpu/u_PC/PC_reg[8]_3[0]                | btnC_IBUF        |               12 |             32 |         2.67 |
|  clk_10mhz_BUFG | u_cpu/u_PC/PC_reg[7]_2[0]                | btnC_IBUF        |               11 |             32 |         2.91 |
|  clk_10mhz_BUFG | u_cpu/u_PC/DataMemWrite_en               |                  |               32 |            128 |         4.00 |
+-----------------+------------------------------------------+------------------+------------------+----------------+--------------+


