#-----------------------------------------------------------
# Vivado v2020.1 (64-bit)
# SW Build 2902540 on Wed May 27 19:54:49 MDT 2020
# IP Build 2902112 on Wed May 27 22:43:36 MDT 2020
# Start of session at: Wed Apr  8 09:08:32 2026
# Process ID: 18176
# Current directory: C:/Users/hira6/Downloads/lab_11_final/lab_11
# Command line: vivado.exe -gui_launcher_event rodinguilauncherevent17572 C:\Users\hira6\Downloads\lab_11_final\lab_11\lab_10.xpr
# Log file: C:/Users/hira6/Downloads/lab_11_final/lab_11/vivado.log
# Journal file: C:/Users/hira6/Downloads/lab_11_final/lab_11\vivado.jou
#-----------------------------------------------------------
start_gui
open_project C:/Users/hira6/Downloads/lab_11_final/lab_11/lab_10.xpr
Scanning sources...
Finished scanning sources
INFO: [IP_Flow 19-234] Refreshing IP repositories
INFO: [IP_Flow 19-1704] No user IP repositories specified
INFO: [IP_Flow 19-2313] Loaded Vivado IP repository 'C:/Xilinx/Vivado/2020.1/data/ip'.
open_project: Time (s): cpu = 00:00:19 ; elapsed = 00:00:11 . Memory (MB): peak = 1015.770 ; gain = 0.000
synth_design -rtl -name rtl_1
Command: synth_design -rtl -name rtl_1
Starting synth_design
Using part: xc7a35ticpg236-1L
Top: top
INFO: [Device 21-403] Loading part xc7a35ticpg236-1L
---------------------------------------------------------------------------------
Starting RTL Elaboration : Time (s): cpu = 00:00:04 ; elapsed = 00:00:04 . Memory (MB): peak = 1338.859 ; gain = 235.258
---------------------------------------------------------------------------------
INFO: [Synth 8-6157] synthesizing module 'top' [C:/Users/hira6/Downloads/lab_11_final/lab_11/lab_10.srcs/sources_1/new/top.v:2]
INFO: [Synth 8-6157] synthesizing module 'ClockDivider' [C:/Users/hira6/Downloads/lab_11_final/lab_11/lab_10.srcs/sources_1/new/ClockDivider.v:2]
INFO: [Synth 8-6155] done synthesizing module 'ClockDivider' (1#1) [C:/Users/hira6/Downloads/lab_11_final/lab_11/lab_10.srcs/sources_1/new/ClockDivider.v:2]
INFO: [Synth 8-6157] synthesizing module 'TopLevelProcessor' [C:/Users/hira6/Downloads/lab_11_final/lab_11/lab_10.srcs/sources_1/new/toplvl.v:6]
INFO: [Synth 8-6157] synthesizing module 'ProgramCounter' [C:/Users/hira6/Downloads/lab_11_final/lab_11/lab_10.srcs/sources_1/new/ProgramCounter.v:9]
INFO: [Synth 8-6155] done synthesizing module 'ProgramCounter' (2#1) [C:/Users/hira6/Downloads/lab_11_final/lab_11/lab_10.srcs/sources_1/new/ProgramCounter.v:9]
INFO: [Synth 8-6157] synthesizing module 'pcAdder' [C:/Users/hira6/Downloads/lab_11_final/lab_11/lab_10.srcs/sources_1/new/pcAdder.v:5]
INFO: [Synth 8-6155] done synthesizing module 'pcAdder' (3#1) [C:/Users/hira6/Downloads/lab_11_final/lab_11/lab_10.srcs/sources_1/new/pcAdder.v:5]
INFO: [Synth 8-6157] synthesizing module 'instructionMemory' [C:/Users/hira6/Downloads/lab_11_final/lab_11/lab_10.srcs/sources_1/new/TopLevelProcessor.v:1]
	Parameter OPERAND_LENGTH bound to: 31 - type: integer 
INFO: [Synth 8-6155] done synthesizing module 'instructionMemory' (4#1) [C:/Users/hira6/Downloads/lab_11_final/lab_11/lab_10.srcs/sources_1/new/TopLevelProcessor.v:1]
INFO: [Synth 8-6157] synthesizing module 'immGen' [C:/Users/hira6/Downloads/lab_11_final/lab_11/lab_10.srcs/sources_1/new/immGen.v:3]
INFO: [Synth 8-6155] done synthesizing module 'immGen' (5#1) [C:/Users/hira6/Downloads/lab_11_final/lab_11/lab_10.srcs/sources_1/new/immGen.v:3]
INFO: [Synth 8-6157] synthesizing module 'MainControl' [C:/Users/hira6/Downloads/lab-09/lab-09/lab-09.srcs/sources_1/new/MainControl.v:21]
INFO: [Synth 8-6155] done synthesizing module 'MainControl' (6#1) [C:/Users/hira6/Downloads/lab-09/lab-09/lab-09.srcs/sources_1/new/MainControl.v:21]
INFO: [Synth 8-6157] synthesizing module 'register_file' [C:/Users/hira6/Downloads/lab067/lab_7/lab_7/lab_7.srcs/sources_1/new/register_file.v:3]
INFO: [Synth 8-6155] done synthesizing module 'register_file' (7#1) [C:/Users/hira6/Downloads/lab067/lab_7/lab_7/lab_7.srcs/sources_1/new/register_file.v:3]
INFO: [Synth 8-6157] synthesizing module 'mux2' [C:/Users/hira6/Downloads/lab_11_final/lab_11/lab_10.srcs/sources_1/new/mux2.v:7]
INFO: [Synth 8-6155] done synthesizing module 'mux2' (8#1) [C:/Users/hira6/Downloads/lab_11_final/lab_11/lab_10.srcs/sources_1/new/mux2.v:7]
INFO: [Synth 8-6157] synthesizing module 'ALUControl' [C:/Users/hira6/Downloads/lab-09/lab-09/lab-09.srcs/sources_1/new/ALUControl.v:31]
INFO: [Synth 8-226] default block is never used [C:/Users/hira6/Downloads/lab-09/lab-09/lab-09.srcs/sources_1/new/ALUControl.v:71]
INFO: [Synth 8-6155] done synthesizing module 'ALUControl' (9#1) [C:/Users/hira6/Downloads/lab-09/lab-09/lab-09.srcs/sources_1/new/ALUControl.v:31]
INFO: [Synth 8-6157] synthesizing module 'RISCVALU' [C:/Users/hira6/CA-LABS-5-11/lab_6_ca/lab6hirasidrah/lab6hirasidrah.srcs/sources_1/new/RISCVALU.v:1]
INFO: [Synth 8-6155] done synthesizing module 'RISCVALU' (10#1) [C:/Users/hira6/CA-LABS-5-11/lab_6_ca/lab6hirasidrah/lab6hirasidrah.srcs/sources_1/new/RISCVALU.v:1]
INFO: [Synth 8-6157] synthesizing module 'branchAdder' [C:/Users/hira6/Downloads/lab_11_final/lab_11/lab_10.srcs/sources_1/new/branchAdder.v:15]
INFO: [Synth 8-6155] done synthesizing module 'branchAdder' (11#1) [C:/Users/hira6/Downloads/lab_11_final/lab_11/lab_10.srcs/sources_1/new/branchAdder.v:15]
INFO: [Synth 8-6157] synthesizing module 'AddressDecoder' [C:/Users/hira6/CA-LABS-5-11/lab8ca/lab8sidrahira/lab888.srcs/sources_1/new/AddressDecoder.v:2]
INFO: [Synth 8-155] case statement is not full and has no default [C:/Users/hira6/CA-LABS-5-11/lab8ca/lab8sidrahira/lab888.srcs/sources_1/new/AddressDecoder.v:21]
INFO: [Synth 8-6155] done synthesizing module 'AddressDecoder' (12#1) [C:/Users/hira6/CA-LABS-5-11/lab8ca/lab8sidrahira/lab888.srcs/sources_1/new/AddressDecoder.v:2]
INFO: [Synth 8-6157] synthesizing module 'DataMemory' [C:/Users/hira6/CA-LABS-5-11/lab8ca/lab8sidrahira/lab888.srcs/sources_1/new/DataMemory.v:12]
INFO: [Synth 8-6155] done synthesizing module 'DataMemory' (13#1) [C:/Users/hira6/CA-LABS-5-11/lab8ca/lab8sidrahira/lab888.srcs/sources_1/new/DataMemory.v:12]
INFO: [Synth 8-6157] synthesizing module 'sevenseg_basys3' [C:/Users/hira6/Downloads/lab_11_final/lab_11/lab_10.srcs/sources_1/new/seven_seg.v:3]
INFO: [Synth 8-6155] done synthesizing module 'sevenseg_basys3' (14#1) [C:/Users/hira6/Downloads/lab_11_final/lab_11/lab_10.srcs/sources_1/new/seven_seg.v:3]
INFO: [Synth 8-6155] done synthesizing module 'TopLevelProcessor' (15#1) [C:/Users/hira6/Downloads/lab_11_final/lab_11/lab_10.srcs/sources_1/new/toplvl.v:6]
WARNING: [Synth 8-7071] port 'switch_in' of module 'TopLevelProcessor' is unconnected for instance 'u_cpu' [C:/Users/hira6/Downloads/lab_11_final/lab_11/lab_10.srcs/sources_1/new/top.v:23]
WARNING: [Synth 8-7071] port 'seg' of module 'TopLevelProcessor' is unconnected for instance 'u_cpu' [C:/Users/hira6/Downloads/lab_11_final/lab_11/lab_10.srcs/sources_1/new/top.v:23]
WARNING: [Synth 8-7071] port 'an' of module 'TopLevelProcessor' is unconnected for instance 'u_cpu' [C:/Users/hira6/Downloads/lab_11_final/lab_11/lab_10.srcs/sources_1/new/top.v:23]
WARNING: [Synth 8-7023] instance 'u_cpu' of module 'TopLevelProcessor' has 7 connections declared, but only 4 given [C:/Users/hira6/Downloads/lab_11_final/lab_11/lab_10.srcs/sources_1/new/top.v:23]
INFO: [Synth 8-6155] done synthesizing module 'top' (16#1) [C:/Users/hira6/Downloads/lab_11_final/lab_11/lab_10.srcs/sources_1/new/top.v:2]
---------------------------------------------------------------------------------
Finished RTL Elaboration : Time (s): cpu = 00:00:05 ; elapsed = 00:00:06 . Memory (MB): peak = 1394.250 ; gain = 290.648
---------------------------------------------------------------------------------
---------------------------------------------------------------------------------
Start Handling Custom Attributes
---------------------------------------------------------------------------------
---------------------------------------------------------------------------------
Finished Handling Custom Attributes : Time (s): cpu = 00:00:06 ; elapsed = 00:00:06 . Memory (MB): peak = 1394.250 ; gain = 290.648
---------------------------------------------------------------------------------
---------------------------------------------------------------------------------
Finished RTL Optimization Phase 1 : Time (s): cpu = 00:00:06 ; elapsed = 00:00:06 . Memory (MB): peak = 1394.250 ; gain = 290.648
---------------------------------------------------------------------------------
Netlist sorting complete. Time (s): cpu = 00:00:00 ; elapsed = 00:00:00.026 . Memory (MB): peak = 1394.250 ; gain = 0.000
INFO: [Project 1-570] Preparing netlist for logic optimization

Processing XDC Constraints
Initializing timing engine
Parsing XDC File [C:/Users/hira6/Downloads/constraints_real.xdc]
Finished Parsing XDC File [C:/Users/hira6/Downloads/constraints_real.xdc]
Completed Processing XDC Constraints

INFO: [Opt 31-138] Pushed 0 inverter(s) to 0 load pin(s).
Netlist sorting complete. Time (s): cpu = 00:00:00 ; elapsed = 00:00:00.001 . Memory (MB): peak = 1499.742 ; gain = 0.000
INFO: [Project 1-111] Unisim Transformation Summary:
No Unisim elements were transformed.

RTL Elaboration Complete:  : Time (s): cpu = 00:00:27 ; elapsed = 00:00:22 . Memory (MB): peak = 1510.633 ; gain = 407.031
38 Infos, 4 Warnings, 0 Critical Warnings and 0 Errors encountered.
synth_design completed successfully
synth_design: Time (s): cpu = 00:00:34 ; elapsed = 00:00:48 . Memory (MB): peak = 1510.633 ; gain = 494.863
