#-----------------------------------------------------------
# Vivado v2020.1 (64-bit)
# SW Build 2902540 on Wed May 27 19:54:49 MDT 2020
# IP Build 2902112 on Wed May 27 22:43:36 MDT 2020
# Start of session at: Tue Apr  7 15:53:26 2026
# Process ID: 11512
# Current directory: C:/Users/hira6/Downloads/lab_11_final/lab_11
# Command line: vivado.exe -gui_launcher_event rodinguilauncherevent19168 C:\Users\hira6\Downloads\lab_11_final\lab_11\lab_10.xpr
# Log file: C:/Users/hira6/Downloads/lab_11_final/lab_11/vivado.log
# Journal file: C:/Users/hira6/Downloads/lab_11_final/lab_11\vivado.jou
#-----------------------------------------------------------
start_gui
open_project C:/Users/hira6/Downloads/lab_11_final/lab_11/lab_10.xpr
Scanning sources...
Finished scanning sources
INFO: [IP_Flow 19-234] Refreshing IP repositories
INFO: [IP_Flow 19-1704] No user IP repositories specified
INFO: [IP_Flow 19-2313] Loaded Vivado IP repository 'C:/Xilinx/Vivado/2020.1/data/ip'.
open_project: Time (s): cpu = 00:00:14 ; elapsed = 00:00:08 . Memory (MB): peak = 1015.988 ; gain = 0.000
launch_simulation
Command: launch_simulation 
INFO: [Vivado 12-5682] Launching behavioral simulation in 'C:/Users/hira6/Downloads/lab_11_final/lab_11/lab_10.sim/sim_1/behav/xsim'
INFO: [SIM-utils-51] Simulation object is 'sim_1'
INFO: [SIM-utils-54] Inspecting design source files for 'tb_top' in fileset 'sim_1'...
INFO: [USF-XSim-97] Finding global include files...
INFO: [USF-XSim-100] Fetching design files from 'sources_1'...(this may take a while)...
INFO: [USF-XSim-101] Fetching design files from 'sim_1'...
INFO: [USF-XSim-2] XSim::Compile design
INFO: [USF-XSim-61] Executing 'COMPILE and ANALYZE' step in 'C:/Users/hira6/Downloads/lab_11_final/lab_11/lab_10.sim/sim_1/behav/xsim'
"xvlog --incr --relax -prj tb_top_vlog.prj"
INFO: [VRFC 10-2263] Analyzing Verilog file "C:/Users/hira6/Downloads/lab-09/lab-09/lab-09.srcs/sources_1/new/ALUControl.v" into library xil_defaultlib
INFO: [VRFC 10-311] analyzing module ALUControl
INFO: [VRFC 10-2263] Analyzing Verilog file "C:/Users/hira6/CA-LABS-5-11/lab8ca/lab8sidrahira/lab888.srcs/sources_1/new/AddressDecoder.v" into library xil_defaultlib
INFO: [VRFC 10-311] analyzing module AddressDecoder
INFO: [VRFC 10-2263] Analyzing Verilog file "C:/Users/hira6/CA-LABS-5-11/lab8ca/lab8sidrahira/lab888.srcs/sources_1/new/DataMemory.v" into library xil_defaultlib
INFO: [VRFC 10-311] analyzing module DataMemory
INFO: [VRFC 10-2263] Analyzing Verilog file "C:/Users/hira6/Downloads/lab-09/lab-09/lab-09.srcs/sources_1/new/MainControl.v" into library xil_defaultlib
INFO: [VRFC 10-311] analyzing module MainControl
INFO: [VRFC 10-2263] Analyzing Verilog file "C:/Users/hira6/Downloads/lab_11_final/lab_11/lab_10.srcs/sources_1/new/ProgramCounter.v" into library xil_defaultlib
INFO: [VRFC 10-311] analyzing module ProgramCounter
INFO: [VRFC 10-2263] Analyzing Verilog file "C:/Users/hira6/CA-LABS-5-11/lab_6_ca/lab6hirasidrah/lab6hirasidrah.srcs/sources_1/new/RISCVALU.v" into library xil_defaultlib
INFO: [VRFC 10-311] analyzing module RISCVALU
INFO: [VRFC 10-2263] Analyzing Verilog file "C:/Users/hira6/Downloads/lab_11_final/lab_11/lab_10.srcs/sources_1/new/TopLevelProcessor.v" into library xil_defaultlib
INFO: [VRFC 10-311] analyzing module instructionMemory
INFO: [VRFC 10-2263] Analyzing Verilog file "C:/Users/hira6/Downloads/lab_11_final/lab_11/lab_10.srcs/sources_1/new/branchAdder.v" into library xil_defaultlib
INFO: [VRFC 10-311] analyzing module branchAdder
INFO: [VRFC 10-2263] Analyzing Verilog file "C:/Users/hira6/Downloads/lab_11_final/lab_11/lab_10.srcs/sources_1/new/immGen.v" into library xil_defaultlib
INFO: [VRFC 10-311] analyzing module immGen
INFO: [VRFC 10-2263] Analyzing Verilog file "C:/Users/hira6/Downloads/lab_11_final/lab_11/lab_10.srcs/sources_1/new/mux2.v" into library xil_defaultlib
INFO: [VRFC 10-311] analyzing module mux2
INFO: [VRFC 10-2263] Analyzing Verilog file "C:/Users/hira6/Downloads/lab_11_final/lab_11/lab_10.srcs/sources_1/new/pcAdder.v" into library xil_defaultlib
INFO: [VRFC 10-311] analyzing module pcAdder
INFO: [VRFC 10-2263] Analyzing Verilog file "C:/Users/hira6/Downloads/lab067/lab_7/lab_7/lab_7.srcs/sources_1/new/register_file.v" into library xil_defaultlib
INFO: [VRFC 10-311] analyzing module register_file
INFO: [VRFC 10-2263] Analyzing Verilog file "C:/Users/hira6/Downloads/lab_11_final/lab_11/lab_10.srcs/sources_1/new/toplvl.v" into library xil_defaultlib
INFO: [VRFC 10-311] analyzing module TopLevelProcessor
INFO: [VRFC 10-2263] Analyzing Verilog file "C:/Users/hira6/Downloads/lab_11_final/lab_11/lab_10.srcs/sources_1/new/ClockDivider.v" into library xil_defaultlib
INFO: [VRFC 10-311] analyzing module ClockDivider
INFO: [VRFC 10-2263] Analyzing Verilog file "C:/Users/hira6/Downloads/lab_11_final/lab_11/lab_10.srcs/sources_1/new/seven_seg.v" into library xil_defaultlib
INFO: [VRFC 10-311] analyzing module sevenseg_basys3
INFO: [VRFC 10-2263] Analyzing Verilog file "C:/Users/hira6/Downloads/lab_11_final/lab_11/lab_10.srcs/sources_1/new/top.v" into library xil_defaultlib
INFO: [VRFC 10-311] analyzing module top
INFO: [VRFC 10-2263] Analyzing Verilog file "C:/Users/hira6/Downloads/lab_11_final/lab_11/lab_10.srcs/sim_1/new/task1.v" into library xil_defaultlib
INFO: [VRFC 10-311] analyzing module tb_Task1
INFO: [VRFC 10-2263] Analyzing Verilog file "C:/Users/hira6/Downloads/lab_11_final/lab_11/lab_10.srcs/sim_1/new/taska_tb.v" into library xil_defaultlib
INFO: [VRFC 10-311] analyzing module tb_top
run_program: Time (s): cpu = 00:00:00 ; elapsed = 00:00:06 . Memory (MB): peak = 1015.988 ; gain = 0.000
INFO: [USF-XSim-69] 'compile' step finished in '6' seconds
INFO: [USF-XSim-3] XSim::Elaborate design
INFO: [USF-XSim-61] Executing 'ELABORATE' step in 'C:/Users/hira6/Downloads/lab_11_final/lab_11/lab_10.sim/sim_1/behav/xsim'
"xelab -wto 3497062ebed24fb58820556388606142 --incr --debug typical --relax --mt 2 -L xil_defaultlib -L unisims_ver -L unimacro_ver -L secureip --snapshot tb_top_behav xil_defaultlib.tb_top xil_defaultlib.glbl -log elaborate.log"
Vivado Simulator 2020.1
Copyright 1986-1999, 2001-2020 Xilinx, Inc. All Rights Reserved.
Running: C:/Xilinx/Vivado/2020.1/bin/unwrapped/win64.o/xelab.exe -wto 3497062ebed24fb58820556388606142 --incr --debug typical --relax --mt 2 -L xil_defaultlib -L unisims_ver -L unimacro_ver -L secureip --snapshot tb_top_behav xil_defaultlib.tb_top xil_defaultlib.glbl -log elaborate.log 
Using 2 slave threads.
Starting static elaboration
Pass Through NonSizing Optimizer
Completed static elaboration
Starting simulation data flow analysis
Completed simulation data flow analysis
Time Resolution for simulation is 1ps
Compiling module xil_defaultlib.ProgramCounter
Compiling module xil_defaultlib.pcAdder
Compiling module xil_defaultlib.instructionMemory
Compiling module xil_defaultlib.immGen
Compiling module xil_defaultlib.MainControl
Compiling module xil_defaultlib.register_file
Compiling module xil_defaultlib.mux2
Compiling module xil_defaultlib.ALUControl
Compiling module xil_defaultlib.RISCVALU
Compiling module xil_defaultlib.branchAdder
Compiling module xil_defaultlib.AddressDecoder
Compiling module xil_defaultlib.DataMemory
Compiling module xil_defaultlib.sevenseg_basys3
Compiling module xil_defaultlib.TopLevelProcessor
Compiling module xil_defaultlib.tb_top
Compiling module xil_defaultlib.glbl
Built simulation snapshot tb_top_behav

****** Webtalk v2020.1 (64-bit)
  **** SW Build 2902540 on Wed May 27 19:54:49 MDT 2020
  **** IP Build 2902112 on Wed May 27 22:43:36 MDT 2020
    ** Copyright 1986-2020 Xilinx, Inc. All Rights Reserved.

source C:/Users/hira6/Downloads/lab_11_final/lab_11/lab_10.sim/sim_1/behav/xsim/xsim.dir/tb_top_behav/webtalk/xsim_webtalk.tcl -notrace
INFO: [Common 17-206] Exiting Webtalk at Tue Apr  7 15:54:41 2026...
run_program: Time (s): cpu = 00:00:01 ; elapsed = 00:00:06 . Memory (MB): peak = 1015.988 ; gain = 0.000
INFO: [USF-XSim-69] 'elaborate' step finished in '7' seconds
INFO: [USF-XSim-4] XSim::Simulate design
INFO: [USF-XSim-61] Executing 'SIMULATE' step in 'C:/Users/hira6/Downloads/lab_11_final/lab_11/lab_10.sim/sim_1/behav/xsim'
INFO: [USF-XSim-98] *** Running xsim
   with args "tb_top_behav -key {Behavioral:sim_1:Functional:tb_top} -tclbatch {tb_top.tcl} -log {simulate.log}"
INFO: [USF-XSim-8] Loading simulator feature
Vivado Simulator 2020.1
Time resolution is 1 ps
source tb_top.tcl
# set curr_wave [current_wave_config]
# if { [string length $curr_wave] == 0 } {
#   if { [llength [get_objects]] > 0} {
#     add_wave /
#     set_property needs_save false [current_wave_config]
#   } else {
#      send_msg_id Add_Wave-1 WARNING "No top level signals found. Simulator will start without a wave window. If you want to open a wave window go to 'File->New Waveform Configuration' or type 'create_wave_config' in the TCL console."
#   }
# }
# run 1000ns
xsim: Time (s): cpu = 00:00:06 ; elapsed = 00:00:05 . Memory (MB): peak = 1015.988 ; gain = 0.000
INFO: [USF-XSim-96] XSim completed. Design snapshot 'tb_top_behav' loaded.
INFO: [USF-XSim-97] XSim simulation ran for 1000ns
launch_simulation: Time (s): cpu = 00:00:09 ; elapsed = 00:00:18 . Memory (MB): peak = 1015.988 ; gain = 0.000
close [ open C:/Users/hira6/Downloads/lab_11_final/lab_11/lab_10.srcs/sources_1/new/slow_tick.v w ]
add_files C:/Users/hira6/Downloads/lab_11_final/lab_11/lab_10.srcs/sources_1/new/slow_tick.v
close_sim
INFO: [Simtcl 6-16] Simulation closed
close_sim: Time (s): cpu = 00:00:01 ; elapsed = 00:00:05 . Memory (MB): peak = 1015.988 ; gain = 0.000
launch_simulation
Command: launch_simulation 
INFO: [Vivado 12-5682] Launching behavioral simulation in 'C:/Users/hira6/Downloads/lab_11_final/lab_11/lab_10.sim/sim_1/behav/xsim'
INFO: [SIM-utils-51] Simulation object is 'sim_1'
INFO: [SIM-utils-54] Inspecting design source files for 'tb_top' in fileset 'sim_1'...
INFO: [USF-XSim-97] Finding global include files...
INFO: [USF-XSim-100] Fetching design files from 'sources_1'...(this may take a while)...
INFO: [USF-XSim-101] Fetching design files from 'sim_1'...
INFO: [USF-XSim-2] XSim::Compile design
INFO: [USF-XSim-61] Executing 'COMPILE and ANALYZE' step in 'C:/Users/hira6/Downloads/lab_11_final/lab_11/lab_10.sim/sim_1/behav/xsim'
"xvlog --incr --relax -prj tb_top_vlog.prj"
INFO: [VRFC 10-2263] Analyzing Verilog file "C:/Users/hira6/Downloads/lab-09/lab-09/lab-09.srcs/sources_1/new/ALUControl.v" into library xil_defaultlib
INFO: [VRFC 10-311] analyzing module ALUControl
INFO: [VRFC 10-2263] Analyzing Verilog file "C:/Users/hira6/CA-LABS-5-11/lab8ca/lab8sidrahira/lab888.srcs/sources_1/new/AddressDecoder.v" into library xil_defaultlib
INFO: [VRFC 10-311] analyzing module AddressDecoder
INFO: [VRFC 10-2263] Analyzing Verilog file "C:/Users/hira6/CA-LABS-5-11/lab8ca/lab8sidrahira/lab888.srcs/sources_1/new/DataMemory.v" into library xil_defaultlib
INFO: [VRFC 10-311] analyzing module DataMemory
INFO: [VRFC 10-2263] Analyzing Verilog file "C:/Users/hira6/Downloads/lab-09/lab-09/lab-09.srcs/sources_1/new/MainControl.v" into library xil_defaultlib
INFO: [VRFC 10-311] analyzing module MainControl
INFO: [VRFC 10-2263] Analyzing Verilog file "C:/Users/hira6/Downloads/lab_11_final/lab_11/lab_10.srcs/sources_1/new/ProgramCounter.v" into library xil_defaultlib
INFO: [VRFC 10-311] analyzing module ProgramCounter
INFO: [VRFC 10-2263] Analyzing Verilog file "C:/Users/hira6/CA-LABS-5-11/lab_6_ca/lab6hirasidrah/lab6hirasidrah.srcs/sources_1/new/RISCVALU.v" into library xil_defaultlib
INFO: [VRFC 10-311] analyzing module RISCVALU
INFO: [VRFC 10-2263] Analyzing Verilog file "C:/Users/hira6/Downloads/lab_11_final/lab_11/lab_10.srcs/sources_1/new/TopLevelProcessor.v" into library xil_defaultlib
INFO: [VRFC 10-311] analyzing module instructionMemory
INFO: [VRFC 10-2263] Analyzing Verilog file "C:/Users/hira6/Downloads/lab_11_final/lab_11/lab_10.srcs/sources_1/new/branchAdder.v" into library xil_defaultlib
INFO: [VRFC 10-311] analyzing module branchAdder
INFO: [VRFC 10-2263] Analyzing Verilog file "C:/Users/hira6/Downloads/lab_11_final/lab_11/lab_10.srcs/sources_1/new/immGen.v" into library xil_defaultlib
INFO: [VRFC 10-311] analyzing module immGen
INFO: [VRFC 10-2263] Analyzing Verilog file "C:/Users/hira6/Downloads/lab_11_final/lab_11/lab_10.srcs/sources_1/new/mux2.v" into library xil_defaultlib
INFO: [VRFC 10-311] analyzing module mux2
INFO: [VRFC 10-2263] Analyzing Verilog file "C:/Users/hira6/Downloads/lab_11_final/lab_11/lab_10.srcs/sources_1/new/pcAdder.v" into library xil_defaultlib
INFO: [VRFC 10-311] analyzing module pcAdder
INFO: [VRFC 10-2263] Analyzing Verilog file "C:/Users/hira6/Downloads/lab067/lab_7/lab_7/lab_7.srcs/sources_1/new/register_file.v" into library xil_defaultlib
INFO: [VRFC 10-311] analyzing module register_file
INFO: [VRFC 10-2263] Analyzing Verilog file "C:/Users/hira6/Downloads/lab_11_final/lab_11/lab_10.srcs/sources_1/new/toplvl.v" into library xil_defaultlib
INFO: [VRFC 10-311] analyzing module TopLevelProcessor
INFO: [VRFC 10-2263] Analyzing Verilog file "C:/Users/hira6/Downloads/lab_11_final/lab_11/lab_10.srcs/sources_1/new/ClockDivider.v" into library xil_defaultlib
INFO: [VRFC 10-311] analyzing module ClockDivider
INFO: [VRFC 10-2263] Analyzing Verilog file "C:/Users/hira6/Downloads/lab_11_final/lab_11/lab_10.srcs/sources_1/new/seven_seg.v" into library xil_defaultlib
INFO: [VRFC 10-311] analyzing module sevenseg_basys3
INFO: [VRFC 10-2263] Analyzing Verilog file "C:/Users/hira6/Downloads/lab_11_final/lab_11/lab_10.srcs/sources_1/new/top.v" into library xil_defaultlib
INFO: [VRFC 10-311] analyzing module top
INFO: [VRFC 10-2263] Analyzing Verilog file "C:/Users/hira6/Downloads/lab_11_final/lab_11/lab_10.srcs/sources_1/new/slow_tick.v" into library xil_defaultlib
INFO: [VRFC 10-311] analyzing module SlowTick
INFO: [VRFC 10-2263] Analyzing Verilog file "C:/Users/hira6/Downloads/lab_11_final/lab_11/lab_10.srcs/sim_1/new/task1.v" into library xil_defaultlib
INFO: [VRFC 10-311] analyzing module tb_Task1
INFO: [VRFC 10-2263] Analyzing Verilog file "C:/Users/hira6/Downloads/lab_11_final/lab_11/lab_10.srcs/sim_1/new/taska_tb.v" into library xil_defaultlib
INFO: [VRFC 10-311] analyzing module tb_top
INFO: [USF-XSim-69] 'compile' step finished in '2' seconds
INFO: [USF-XSim-3] XSim::Elaborate design
INFO: [USF-XSim-61] Executing 'ELABORATE' step in 'C:/Users/hira6/Downloads/lab_11_final/lab_11/lab_10.sim/sim_1/behav/xsim'
"xelab -wto 3497062ebed24fb58820556388606142 --incr --debug typical --relax --mt 2 -L xil_defaultlib -L unisims_ver -L unimacro_ver -L secureip --snapshot tb_top_behav xil_defaultlib.tb_top xil_defaultlib.glbl -log elaborate.log"
Vivado Simulator 2020.1
Copyright 1986-1999, 2001-2020 Xilinx, Inc. All Rights Reserved.
Running: C:/Xilinx/Vivado/2020.1/bin/unwrapped/win64.o/xelab.exe -wto 3497062ebed24fb58820556388606142 --incr --debug typical --relax --mt 2 -L xil_defaultlib -L unisims_ver -L unimacro_ver -L secureip --snapshot tb_top_behav xil_defaultlib.tb_top xil_defaultlib.glbl -log elaborate.log 
Using 2 slave threads.
Starting static elaboration
Pass Through NonSizing Optimizer
Completed static elaboration
Starting simulation data flow analysis
Completed simulation data flow analysis
Time Resolution for simulation is 1ps
Compiling module xil_defaultlib.ProgramCounter
Compiling module xil_defaultlib.pcAdder
Compiling module xil_defaultlib.instructionMemory
Compiling module xil_defaultlib.immGen
Compiling module xil_defaultlib.MainControl
Compiling module xil_defaultlib.register_file
Compiling module xil_defaultlib.mux2
Compiling module xil_defaultlib.ALUControl
Compiling module xil_defaultlib.RISCVALU
Compiling module xil_defaultlib.branchAdder
Compiling module xil_defaultlib.AddressDecoder
Compiling module xil_defaultlib.DataMemory
Compiling module xil_defaultlib.sevenseg_basys3
Compiling module xil_defaultlib.TopLevelProcessor
Compiling module xil_defaultlib.tb_top
Compiling module xil_defaultlib.glbl
Built simulation snapshot tb_top_behav
INFO: [USF-XSim-69] 'elaborate' step finished in '3' seconds
INFO: [USF-XSim-4] XSim::Simulate design
INFO: [USF-XSim-61] Executing 'SIMULATE' step in 'C:/Users/hira6/Downloads/lab_11_final/lab_11/lab_10.sim/sim_1/behav/xsim'
INFO: [USF-XSim-98] *** Running xsim
   with args "tb_top_behav -key {Behavioral:sim_1:Functional:tb_top} -tclbatch {tb_top.tcl} -log {simulate.log}"
INFO: [USF-XSim-8] Loading simulator feature
Vivado Simulator 2020.1
Time resolution is 1 ps
source tb_top.tcl
# set curr_wave [current_wave_config]
# if { [string length $curr_wave] == 0 } {
#   if { [llength [get_objects]] > 0} {
#     add_wave /
#     set_property needs_save false [current_wave_config]
#   } else {
#      send_msg_id Add_Wave-1 WARNING "No top level signals found. Simulator will start without a wave window. If you want to open a wave window go to 'File->New Waveform Configuration' or type 'create_wave_config' in the TCL console."
#   }
# }
# run 1000ns
xsim: Time (s): cpu = 00:00:05 ; elapsed = 00:00:07 . Memory (MB): peak = 1015.988 ; gain = 0.000
INFO: [USF-XSim-96] XSim completed. Design snapshot 'tb_top_behav' loaded.
INFO: [USF-XSim-97] XSim simulation ran for 1000ns
launch_simulation: Time (s): cpu = 00:00:06 ; elapsed = 00:00:13 . Memory (MB): peak = 1015.988 ; gain = 0.000
close_sim
INFO: [Simtcl 6-16] Simulation closed
launch_simulation
Command: launch_simulation 
INFO: [Vivado 12-5682] Launching behavioral simulation in 'C:/Users/hira6/Downloads/lab_11_final/lab_11/lab_10.sim/sim_1/behav/xsim'
INFO: [SIM-utils-51] Simulation object is 'sim_1'
INFO: [SIM-utils-54] Inspecting design source files for 'tb_top' in fileset 'sim_1'...
INFO: [USF-XSim-97] Finding global include files...
INFO: [USF-XSim-100] Fetching design files from 'sources_1'...(this may take a while)...
INFO: [USF-XSim-101] Fetching design files from 'sim_1'...
INFO: [USF-XSim-2] XSim::Compile design
INFO: [USF-XSim-61] Executing 'COMPILE and ANALYZE' step in 'C:/Users/hira6/Downloads/lab_11_final/lab_11/lab_10.sim/sim_1/behav/xsim'
"xvlog --incr --relax -prj tb_top_vlog.prj"
INFO: [VRFC 10-2263] Analyzing Verilog file "C:/Users/hira6/Downloads/lab-09/lab-09/lab-09.srcs/sources_1/new/ALUControl.v" into library xil_defaultlib
INFO: [VRFC 10-311] analyzing module ALUControl
INFO: [VRFC 10-2263] Analyzing Verilog file "C:/Users/hira6/CA-LABS-5-11/lab8ca/lab8sidrahira/lab888.srcs/sources_1/new/AddressDecoder.v" into library xil_defaultlib
INFO: [VRFC 10-311] analyzing module AddressDecoder
INFO: [VRFC 10-2263] Analyzing Verilog file "C:/Users/hira6/CA-LABS-5-11/lab8ca/lab8sidrahira/lab888.srcs/sources_1/new/DataMemory.v" into library xil_defaultlib
INFO: [VRFC 10-311] analyzing module DataMemory
INFO: [VRFC 10-2263] Analyzing Verilog file "C:/Users/hira6/Downloads/lab-09/lab-09/lab-09.srcs/sources_1/new/MainControl.v" into library xil_defaultlib
INFO: [VRFC 10-311] analyzing module MainControl
INFO: [VRFC 10-2263] Analyzing Verilog file "C:/Users/hira6/Downloads/lab_11_final/lab_11/lab_10.srcs/sources_1/new/ProgramCounter.v" into library xil_defaultlib
INFO: [VRFC 10-311] analyzing module ProgramCounter
INFO: [VRFC 10-2263] Analyzing Verilog file "C:/Users/hira6/CA-LABS-5-11/lab_6_ca/lab6hirasidrah/lab6hirasidrah.srcs/sources_1/new/RISCVALU.v" into library xil_defaultlib
INFO: [VRFC 10-311] analyzing module RISCVALU
INFO: [VRFC 10-2263] Analyzing Verilog file "C:/Users/hira6/Downloads/lab_11_final/lab_11/lab_10.srcs/sources_1/new/TopLevelProcessor.v" into library xil_defaultlib
INFO: [VRFC 10-311] analyzing module instructionMemory
INFO: [VRFC 10-2263] Analyzing Verilog file "C:/Users/hira6/Downloads/lab_11_final/lab_11/lab_10.srcs/sources_1/new/branchAdder.v" into library xil_defaultlib
INFO: [VRFC 10-311] analyzing module branchAdder
INFO: [VRFC 10-2263] Analyzing Verilog file "C:/Users/hira6/Downloads/lab_11_final/lab_11/lab_10.srcs/sources_1/new/immGen.v" into library xil_defaultlib
INFO: [VRFC 10-311] analyzing module immGen
INFO: [VRFC 10-2263] Analyzing Verilog file "C:/Users/hira6/Downloads/lab_11_final/lab_11/lab_10.srcs/sources_1/new/mux2.v" into library xil_defaultlib
INFO: [VRFC 10-311] analyzing module mux2
INFO: [VRFC 10-2263] Analyzing Verilog file "C:/Users/hira6/Downloads/lab_11_final/lab_11/lab_10.srcs/sources_1/new/pcAdder.v" into library xil_defaultlib
INFO: [VRFC 10-311] analyzing module pcAdder
INFO: [VRFC 10-2263] Analyzing Verilog file "C:/Users/hira6/Downloads/lab067/lab_7/lab_7/lab_7.srcs/sources_1/new/register_file.v" into library xil_defaultlib
INFO: [VRFC 10-311] analyzing module register_file
INFO: [VRFC 10-2263] Analyzing Verilog file "C:/Users/hira6/Downloads/lab_11_final/lab_11/lab_10.srcs/sources_1/new/toplvl.v" into library xil_defaultlib
INFO: [VRFC 10-311] analyzing module TopLevelProcessor
INFO: [VRFC 10-2263] Analyzing Verilog file "C:/Users/hira6/Downloads/lab_11_final/lab_11/lab_10.srcs/sources_1/new/ClockDivider.v" into library xil_defaultlib
INFO: [VRFC 10-311] analyzing module ClockDivider
INFO: [VRFC 10-2263] Analyzing Verilog file "C:/Users/hira6/Downloads/lab_11_final/lab_11/lab_10.srcs/sources_1/new/seven_seg.v" into library xil_defaultlib
INFO: [VRFC 10-311] analyzing module sevenseg_basys3
INFO: [VRFC 10-2263] Analyzing Verilog file "C:/Users/hira6/Downloads/lab_11_final/lab_11/lab_10.srcs/sources_1/new/top.v" into library xil_defaultlib
INFO: [VRFC 10-311] analyzing module top
INFO: [VRFC 10-2263] Analyzing Verilog file "C:/Users/hira6/Downloads/lab_11_final/lab_11/lab_10.srcs/sources_1/new/slow_tick.v" into library xil_defaultlib
INFO: [VRFC 10-311] analyzing module SlowTick
INFO: [VRFC 10-2263] Analyzing Verilog file "C:/Users/hira6/Downloads/lab_11_final/lab_11/lab_10.srcs/sim_1/new/task1.v" into library xil_defaultlib
INFO: [VRFC 10-311] analyzing module tb_Task1
INFO: [VRFC 10-2263] Analyzing Verilog file "C:/Users/hira6/Downloads/lab_11_final/lab_11/lab_10.srcs/sim_1/new/taska_tb.v" into library xil_defaultlib
INFO: [VRFC 10-311] analyzing module tb_top
INFO: [USF-XSim-69] 'compile' step finished in '2' seconds
INFO: [USF-XSim-3] XSim::Elaborate design
INFO: [USF-XSim-61] Executing 'ELABORATE' step in 'C:/Users/hira6/Downloads/lab_11_final/lab_11/lab_10.sim/sim_1/behav/xsim'
"xelab -wto 3497062ebed24fb58820556388606142 --incr --debug typical --relax --mt 2 -L xil_defaultlib -L unisims_ver -L unimacro_ver -L secureip --snapshot tb_top_behav xil_defaultlib.tb_top xil_defaultlib.glbl -log elaborate.log"
Vivado Simulator 2020.1
Copyright 1986-1999, 2001-2020 Xilinx, Inc. All Rights Reserved.
Running: C:/Xilinx/Vivado/2020.1/bin/unwrapped/win64.o/xelab.exe -wto 3497062ebed24fb58820556388606142 --incr --debug typical --relax --mt 2 -L xil_defaultlib -L unisims_ver -L unimacro_ver -L secureip --snapshot tb_top_behav xil_defaultlib.tb_top xil_defaultlib.glbl -log elaborate.log 
Using 2 slave threads.
Starting static elaboration
Pass Through NonSizing Optimizer
Completed static elaboration
Starting simulation data flow analysis
Completed simulation data flow analysis
Time Resolution for simulation is 1ps
Compiling module xil_defaultlib.ProgramCounter
Compiling module xil_defaultlib.pcAdder
Compiling module xil_defaultlib.instructionMemory
Compiling module xil_defaultlib.immGen
Compiling module xil_defaultlib.MainControl
Compiling module xil_defaultlib.register_file
Compiling module xil_defaultlib.mux2
Compiling module xil_defaultlib.ALUControl
Compiling module xil_defaultlib.RISCVALU
Compiling module xil_defaultlib.branchAdder
Compiling module xil_defaultlib.AddressDecoder
Compiling module xil_defaultlib.DataMemory
Compiling module xil_defaultlib.sevenseg_basys3
Compiling module xil_defaultlib.TopLevelProcessor
Compiling module xil_defaultlib.tb_top
Compiling module xil_defaultlib.glbl
Built simulation snapshot tb_top_behav
INFO: [USF-XSim-69] 'elaborate' step finished in '2' seconds
INFO: [USF-XSim-4] XSim::Simulate design
INFO: [USF-XSim-61] Executing 'SIMULATE' step in 'C:/Users/hira6/Downloads/lab_11_final/lab_11/lab_10.sim/sim_1/behav/xsim'
INFO: [USF-XSim-98] *** Running xsim
   with args "tb_top_behav -key {Behavioral:sim_1:Functional:tb_top} -tclbatch {tb_top.tcl} -log {simulate.log}"
INFO: [USF-XSim-8] Loading simulator feature
Vivado Simulator 2020.1
Time resolution is 1 ps
source tb_top.tcl
# set curr_wave [current_wave_config]
# if { [string length $curr_wave] == 0 } {
#   if { [llength [get_objects]] > 0} {
#     add_wave /
#     set_property needs_save false [current_wave_config]
#   } else {
#      send_msg_id Add_Wave-1 WARNING "No top level signals found. Simulator will start without a wave window. If you want to open a wave window go to 'File->New Waveform Configuration' or type 'create_wave_config' in the TCL console."
#   }
# }
# run 1000ns
INFO: [USF-XSim-96] XSim completed. Design snapshot 'tb_top_behav' loaded.
INFO: [USF-XSim-97] XSim simulation ran for 1000ns
launch_simulation: Time (s): cpu = 00:00:05 ; elapsed = 00:00:09 . Memory (MB): peak = 1015.988 ; gain = 0.000
close_sim
INFO: [Simtcl 6-16] Simulation closed
launch_simulation
Command: launch_simulation 
INFO: [Vivado 12-5682] Launching behavioral simulation in 'C:/Users/hira6/Downloads/lab_11_final/lab_11/lab_10.sim/sim_1/behav/xsim'
INFO: [SIM-utils-51] Simulation object is 'sim_1'
INFO: [SIM-utils-54] Inspecting design source files for 'tb_top' in fileset 'sim_1'...
INFO: [USF-XSim-97] Finding global include files...
INFO: [USF-XSim-100] Fetching design files from 'sources_1'...(this may take a while)...
INFO: [USF-XSim-101] Fetching design files from 'sim_1'...
INFO: [USF-XSim-2] XSim::Compile design
INFO: [USF-XSim-61] Executing 'COMPILE and ANALYZE' step in 'C:/Users/hira6/Downloads/lab_11_final/lab_11/lab_10.sim/sim_1/behav/xsim'
"xvlog --incr --relax -prj tb_top_vlog.prj"
INFO: [VRFC 10-2263] Analyzing Verilog file "C:/Users/hira6/Downloads/lab-09/lab-09/lab-09.srcs/sources_1/new/ALUControl.v" into library xil_defaultlib
INFO: [VRFC 10-311] analyzing module ALUControl
INFO: [VRFC 10-2263] Analyzing Verilog file "C:/Users/hira6/CA-LABS-5-11/lab8ca/lab8sidrahira/lab888.srcs/sources_1/new/AddressDecoder.v" into library xil_defaultlib
INFO: [VRFC 10-311] analyzing module AddressDecoder
INFO: [VRFC 10-2263] Analyzing Verilog file "C:/Users/hira6/CA-LABS-5-11/lab8ca/lab8sidrahira/lab888.srcs/sources_1/new/DataMemory.v" into library xil_defaultlib
INFO: [VRFC 10-311] analyzing module DataMemory
INFO: [VRFC 10-2263] Analyzing Verilog file "C:/Users/hira6/Downloads/lab-09/lab-09/lab-09.srcs/sources_1/new/MainControl.v" into library xil_defaultlib
INFO: [VRFC 10-311] analyzing module MainControl
INFO: [VRFC 10-2263] Analyzing Verilog file "C:/Users/hira6/Downloads/lab_11_final/lab_11/lab_10.srcs/sources_1/new/ProgramCounter.v" into library xil_defaultlib
INFO: [VRFC 10-311] analyzing module ProgramCounter
INFO: [VRFC 10-2263] Analyzing Verilog file "C:/Users/hira6/CA-LABS-5-11/lab_6_ca/lab6hirasidrah/lab6hirasidrah.srcs/sources_1/new/RISCVALU.v" into library xil_defaultlib
INFO: [VRFC 10-311] analyzing module RISCVALU
INFO: [VRFC 10-2263] Analyzing Verilog file "C:/Users/hira6/Downloads/lab_11_final/lab_11/lab_10.srcs/sources_1/new/TopLevelProcessor.v" into library xil_defaultlib
INFO: [VRFC 10-311] analyzing module instructionMemory
INFO: [VRFC 10-2263] Analyzing Verilog file "C:/Users/hira6/Downloads/lab_11_final/lab_11/lab_10.srcs/sources_1/new/branchAdder.v" into library xil_defaultlib
INFO: [VRFC 10-311] analyzing module branchAdder
INFO: [VRFC 10-2263] Analyzing Verilog file "C:/Users/hira6/Downloads/lab_11_final/lab_11/lab_10.srcs/sources_1/new/immGen.v" into library xil_defaultlib
INFO: [VRFC 10-311] analyzing module immGen
INFO: [VRFC 10-2263] Analyzing Verilog file "C:/Users/hira6/Downloads/lab_11_final/lab_11/lab_10.srcs/sources_1/new/mux2.v" into library xil_defaultlib
INFO: [VRFC 10-311] analyzing module mux2
INFO: [VRFC 10-2263] Analyzing Verilog file "C:/Users/hira6/Downloads/lab_11_final/lab_11/lab_10.srcs/sources_1/new/pcAdder.v" into library xil_defaultlib
INFO: [VRFC 10-311] analyzing module pcAdder
INFO: [VRFC 10-2263] Analyzing Verilog file "C:/Users/hira6/Downloads/lab067/lab_7/lab_7/lab_7.srcs/sources_1/new/register_file.v" into library xil_defaultlib
INFO: [VRFC 10-311] analyzing module register_file
INFO: [VRFC 10-2263] Analyzing Verilog file "C:/Users/hira6/Downloads/lab_11_final/lab_11/lab_10.srcs/sources_1/new/toplvl.v" into library xil_defaultlib
INFO: [VRFC 10-311] analyzing module TopLevelProcessor
INFO: [VRFC 10-2263] Analyzing Verilog file "C:/Users/hira6/Downloads/lab_11_final/lab_11/lab_10.srcs/sources_1/new/ClockDivider.v" into library xil_defaultlib
INFO: [VRFC 10-311] analyzing module ClockDivider
INFO: [VRFC 10-2263] Analyzing Verilog file "C:/Users/hira6/Downloads/lab_11_final/lab_11/lab_10.srcs/sources_1/new/seven_seg.v" into library xil_defaultlib
INFO: [VRFC 10-311] analyzing module sevenseg_basys3
INFO: [VRFC 10-2263] Analyzing Verilog file "C:/Users/hira6/Downloads/lab_11_final/lab_11/lab_10.srcs/sources_1/new/top.v" into library xil_defaultlib
INFO: [VRFC 10-311] analyzing module top
INFO: [VRFC 10-2263] Analyzing Verilog file "C:/Users/hira6/Downloads/lab_11_final/lab_11/lab_10.srcs/sources_1/new/slow_tick.v" into library xil_defaultlib
INFO: [VRFC 10-311] analyzing module SlowTick
INFO: [VRFC 10-2263] Analyzing Verilog file "C:/Users/hira6/Downloads/lab_11_final/lab_11/lab_10.srcs/sim_1/new/task1.v" into library xil_defaultlib
INFO: [VRFC 10-311] analyzing module tb_Task1
INFO: [VRFC 10-2263] Analyzing Verilog file "C:/Users/hira6/Downloads/lab_11_final/lab_11/lab_10.srcs/sim_1/new/taska_tb.v" into library xil_defaultlib
INFO: [VRFC 10-311] analyzing module tb_top
INFO: [USF-XSim-69] 'compile' step finished in '4' seconds
INFO: [USF-XSim-3] XSim::Elaborate design
INFO: [USF-XSim-61] Executing 'ELABORATE' step in 'C:/Users/hira6/Downloads/lab_11_final/lab_11/lab_10.sim/sim_1/behav/xsim'
"xelab -wto 3497062ebed24fb58820556388606142 --incr --debug typical --relax --mt 2 -L xil_defaultlib -L unisims_ver -L unimacro_ver -L secureip --snapshot tb_top_behav xil_defaultlib.tb_top xil_defaultlib.glbl -log elaborate.log"
Vivado Simulator 2020.1
Copyright 1986-1999, 2001-2020 Xilinx, Inc. All Rights Reserved.
Running: C:/Xilinx/Vivado/2020.1/bin/unwrapped/win64.o/xelab.exe -wto 3497062ebed24fb58820556388606142 --incr --debug typical --relax --mt 2 -L xil_defaultlib -L unisims_ver -L unimacro_ver -L secureip --snapshot tb_top_behav xil_defaultlib.tb_top xil_defaultlib.glbl -log elaborate.log 
Using 2 slave threads.
Starting static elaboration
Pass Through NonSizing Optimizer
Completed static elaboration
Starting simulation data flow analysis
Completed simulation data flow analysis
Time Resolution for simulation is 1ps
Compiling module xil_defaultlib.ProgramCounter
Compiling module xil_defaultlib.pcAdder
Compiling module xil_defaultlib.instructionMemory
Compiling module xil_defaultlib.immGen
Compiling module xil_defaultlib.MainControl
Compiling module xil_defaultlib.register_file
Compiling module xil_defaultlib.mux2
Compiling module xil_defaultlib.ALUControl
Compiling module xil_defaultlib.RISCVALU
Compiling module xil_defaultlib.branchAdder
Compiling module xil_defaultlib.AddressDecoder
Compiling module xil_defaultlib.DataMemory
Compiling module xil_defaultlib.sevenseg_basys3
Compiling module xil_defaultlib.TopLevelProcessor
Compiling module xil_defaultlib.tb_top
Compiling module xil_defaultlib.glbl
Built simulation snapshot tb_top_behav
INFO: [USF-XSim-69] 'elaborate' step finished in '2' seconds
INFO: [USF-XSim-4] XSim::Simulate design
INFO: [USF-XSim-61] Executing 'SIMULATE' step in 'C:/Users/hira6/Downloads/lab_11_final/lab_11/lab_10.sim/sim_1/behav/xsim'
INFO: [USF-XSim-98] *** Running xsim
   with args "tb_top_behav -key {Behavioral:sim_1:Functional:tb_top} -tclbatch {tb_top.tcl} -log {simulate.log}"
INFO: [USF-XSim-8] Loading simulator feature
Vivado Simulator 2020.1
Time resolution is 1 ps
source tb_top.tcl
# set curr_wave [current_wave_config]
# if { [string length $curr_wave] == 0 } {
#   if { [llength [get_objects]] > 0} {
#     add_wave /
#     set_property needs_save false [current_wave_config]
#   } else {
#      send_msg_id Add_Wave-1 WARNING "No top level signals found. Simulator will start without a wave window. If you want to open a wave window go to 'File->New Waveform Configuration' or type 'create_wave_config' in the TCL console."
#   }
# }
# run 1000ns
xsim: Time (s): cpu = 00:00:04 ; elapsed = 00:00:05 . Memory (MB): peak = 1015.988 ; gain = 0.000
INFO: [USF-XSim-96] XSim completed. Design snapshot 'tb_top_behav' loaded.
INFO: [USF-XSim-97] XSim simulation ran for 1000ns
launch_simulation: Time (s): cpu = 00:00:05 ; elapsed = 00:00:13 . Memory (MB): peak = 1015.988 ; gain = 0.000
close_sim
INFO: [Simtcl 6-16] Simulation closed
exit
INFO: [Common 17-206] Exiting Vivado at Tue Apr  7 22:13:02 2026...
