#-----------------------------------------------------------
# Vivado v2020.1 (64-bit)
# SW Build 2902540 on Wed May 27 19:54:49 MDT 2020
# IP Build 2902112 on Wed May 27 22:43:36 MDT 2020
# Start of session at: Sat Apr 11 09:19:16 2026
# Process ID: 20976
# Current directory: C:/Users/hira6/CA project TASK B/lab_11_final/lab_11
# Command line: vivado.exe -gui_launcher_event rodinguilauncherevent6764 C:\Users\hira6\CA project TASK B\lab_11_final\lab_11\lab_10.xpr
# Log file: C:/Users/hira6/CA project TASK B/lab_11_final/lab_11/vivado.log
# Journal file: C:/Users/hira6/CA project TASK B/lab_11_final/lab_11\vivado.jou
#-----------------------------------------------------------
start_gui
open_project {C:/Users/hira6/CA project TASK B/lab_11_final/lab_11/lab_10.xpr}
INFO: [Project 1-313] Project file moved from 'C:/Users/hira6/CA project new/lab_11_final/lab_11' since last save.
Scanning sources...
Finished scanning sources
INFO: [IP_Flow 19-234] Refreshing IP repositories
INFO: [IP_Flow 19-1704] No user IP repositories specified
INFO: [IP_Flow 19-2313] Loaded Vivado IP repository 'C:/Xilinx/Vivado/2020.1/data/ip'.
open_project: Time (s): cpu = 00:00:13 ; elapsed = 00:00:07 . Memory (MB): peak = 1025.375 ; gain = 0.000
reset_run impl_1 -prev_step 
launch_runs impl_1 -to_step write_bitstream -jobs 6
[Sat Apr 11 09:22:03 2026] Launched impl_1...
Run output will be captured here: C:/Users/hira6/CA project TASK B/lab_11_final/lab_11/lab_10.runs/impl_1/runme.log
exit
INFO: [Common 17-206] Exiting Vivado at Sat Apr 11 09:23:42 2026...
