INFO: [VRFC 10-2263] Analyzing Verilog file "C:/Users/hira6/Downloads/lab-09/lab-09/lab-09.srcs/sources_1/new/ALUControl.v" into library xil_defaultlib
INFO: [VRFC 10-311] analyzing module ALUControl
INFO: [VRFC 10-2263] Analyzing Verilog file "C:/Users/hira6/CA-LABS-5-11/lab8ca/lab8sidrahira/lab888.srcs/sources_1/new/AddressDecoder.v" into library xil_defaultlib
INFO: [VRFC 10-311] analyzing module AddressDecoder
INFO: [VRFC 10-2263] Analyzing Verilog file "C:/Users/hira6/CA-LABS-5-11/lab8ca/lab8sidrahira/lab888.srcs/sources_1/new/DataMemory.v" into library xil_defaultlib
INFO: [VRFC 10-311] analyzing module DataMemory
INFO: [VRFC 10-2263] Analyzing Verilog file "C:/Users/hira6/Downloads/lab-09/lab-09/lab-09.srcs/sources_1/new/MainControl.v" into library xil_defaultlib
INFO: [VRFC 10-311] analyzing module MainControl
INFO: [VRFC 10-2263] Analyzing Verilog file "C:/Users/hira6/Downloads/lab_11_final/lab_11/lab_10.srcs/sources_1/new/ProgramCounter.v" into library xil_defaultlib
INFO: [VRFC 10-311] analyzing module ProgramCounter
INFO: [VRFC 10-2263] Analyzing Verilog file "C:/Users/hira6/CA-LABS-5-11/lab_6_ca/lab6hirasidrah/lab6hirasidrah.srcs/sources_1/new/RISCVALU.v" into library xil_defaultlib
INFO: [VRFC 10-311] analyzing module RISCVALU
INFO: [VRFC 10-2263] Analyzing Verilog file "C:/Users/hira6/Downloads/lab_11_final/lab_11/lab_10.srcs/sources_1/new/TopLevelProcessor.v" into library xil_defaultlib
INFO: [VRFC 10-311] analyzing module instructionMemory
INFO: [VRFC 10-2263] Analyzing Verilog file "C:/Users/hira6/Downloads/lab_11_final/lab_11/lab_10.srcs/sources_1/new/branchAdder.v" into library xil_defaultlib
INFO: [VRFC 10-311] analyzing module branchAdder
INFO: [VRFC 10-2263] Analyzing Verilog file "C:/Users/hira6/Downloads/lab_11_final/lab_11/lab_10.srcs/sources_1/new/immGen.v" into library xil_defaultlib
INFO: [VRFC 10-311] analyzing module immGen
INFO: [VRFC 10-2263] Analyzing Verilog file "C:/Users/hira6/Downloads/lab_11_final/lab_11/lab_10.srcs/sources_1/new/mux2.v" into library xil_defaultlib
INFO: [VRFC 10-311] analyzing module mux2
INFO: [VRFC 10-2263] Analyzing Verilog file "C:/Users/hira6/Downloads/lab_11_final/lab_11/lab_10.srcs/sources_1/new/pcAdder.v" into library xil_defaultlib
INFO: [VRFC 10-311] analyzing module pcAdder
INFO: [VRFC 10-2263] Analyzing Verilog file "C:/Users/hira6/Downloads/lab067/lab_7/lab_7/lab_7.srcs/sources_1/new/register_file.v" into library xil_defaultlib
INFO: [VRFC 10-311] analyzing module register_file
INFO: [VRFC 10-2263] Analyzing Verilog file "C:/Users/hira6/Downloads/lab_11_final/lab_11/lab_10.srcs/sources_1/new/toplvl.v" into library xil_defaultlib
INFO: [VRFC 10-311] analyzing module TopLevelProcessor
INFO: [VRFC 10-2263] Analyzing Verilog file "C:/Users/hira6/Downloads/lab_11_final/lab_11/lab_10.srcs/sources_1/new/ClockDivider.v" into library xil_defaultlib
INFO: [VRFC 10-311] analyzing module ClockDivider
INFO: [VRFC 10-2263] Analyzing Verilog file "C:/Users/hira6/Downloads/lab_11_final/lab_11/lab_10.srcs/sources_1/new/seven_seg.v" into library xil_defaultlib
INFO: [VRFC 10-311] analyzing module sevenseg_basys3
INFO: [VRFC 10-2263] Analyzing Verilog file "C:/Users/hira6/Downloads/lab_11_final/lab_11/lab_10.srcs/sources_1/new/top.v" into library xil_defaultlib
INFO: [VRFC 10-311] analyzing module top
INFO: [VRFC 10-2263] Analyzing Verilog file "C:/Users/hira6/Downloads/lab_11_final/lab_11/lab_10.srcs/sources_1/new/slow_tick.v" into library xil_defaultlib
INFO: [VRFC 10-311] analyzing module SlowTick
INFO: [VRFC 10-2263] Analyzing Verilog file "C:/Users/hira6/Downloads/lab_11_final/lab_11/lab_10.srcs/sim_1/new/task1.v" into library xil_defaultlib
INFO: [VRFC 10-311] analyzing module tb_Task1
INFO: [VRFC 10-2263] Analyzing Verilog file "C:/Users/hira6/Downloads/lab_11_final/lab_11/lab_10.srcs/sim_1/new/taska_tb.v" into library xil_defaultlib
INFO: [VRFC 10-311] analyzing module tb_top
